<?xml version="1.0" encoding="UTF-8"?>
<!-- Generated by org.testng.reporters.JUnitReportReporter -->
<testsuite skipped="0" hostname="DESKTOP-MP4J7KJ" name="TestNGTest.CarRegistrationCheck" tests="2" failures="0" timestamp="2020-06-22T19:13:24 BST" time="61.019" errors="0">
  <testcase name="readAndExtractInputFile" time="0.020" classname="TestNGTest.CarRegistrationCheck"/>
  <system-out/>
  <testcase name="verifyRegistrationNumbers" time="60.999" classname="TestNGTest.CarRegistrationCheck"/>
  <system-out/>
</testsuite> <!-- TestNGTest.CarRegistrationCheck -->
